Copyright 1986-2018 Xilinx, Inc. All Rights Reserved.
-----------------------------------------------------------------------------------------------------------------------------------------------
| Tool Version : Vivado v.2018.1 (win64) Build 2188600 Wed Apr  4 18:40:38 MDT 2018
| Date         : Wed Nov 21 18:14:22 2018
| Host         : Amoozegar-PC running 64-bit Service Pack 1  (build 7601)
| Command      : report_methodology -file top_methodology_drc_routed.rpt -pb top_methodology_drc_routed.pb -rpx top_methodology_drc_routed.rpx
| Design       : top
| Device       : xc7k325tffg900-2
| Speed File   : -2
| Design State : Routed
-----------------------------------------------------------------------------------------------------------------------------------------------

Report Methodology

Table of Contents
-----------------
1. REPORT SUMMARY
2. REPORT DETAILS

1. REPORT SUMMARY
-----------------
            Netlist: netlist
          Floorplan: design_1
      Design limits: <entire design considered>
             Max violations: <unlimited>
             Violations found: 314
+-----------+----------+------------------------------+------------+
| Rule      | Severity | Description                  | Violations |
+-----------+----------+------------------------------+------------+
| LUTAR-1   | Warning  | LUT drives async reset alert | 1          |
| TIMING-17 | Warning  | Non-clocked sequential cell  | 313        |
+-----------+----------+------------------------------+------------+

2. REPORT DETAILS
-----------------
LUTAR-1#1 Warning
LUT drives async reset alert  
LUT cell ins_ttc_encoder/ins_ttc/ins_ttcvi/ins_chb_data/FSM_sequential_state[1]_i_2__0, with 2 or more inputs, drives asynchronous reset pin(s) ins_ttc_encoder/ins_ttc/ins_ttcvx/ins_dff/d_internal_reg/CLR, ins_ttc_encoder/ins_ttc/ins_ttcvx/ins_jk/jk_internal_reg/CLR, ins_ttc_encoder/ins_ttc/ins_ttcvi/FSM_sequential_state_reg[0]/CLR, ins_ttc_encoder/ins_ttc/ins_ttcvi/FSM_sequential_state_reg[1]/CLR, ins_ttc_encoder/ins_ttc/ins_ttcvi/FSM_sequential_state_reg[2]/CLR, ins_ttc_encoder/ins_ttc/ins_ttcvi/a_ch_out_reg/CLR, ins_ttc_encoder/ins_ttc/ins_ttcvi/b_ch_addr_s_reg[0]/CLR, ins_ttc_encoder/ins_ttc/ins_ttcvi/b_ch_addr_s_reg[10]/CLR, ins_ttc_encoder/ins_ttc/ins_ttcvi/b_ch_addr_s_reg[11]/CLR, ins_ttc_encoder/ins_ttc/ins_ttcvi/b_ch_addr_s_reg[12]/CLR, ins_ttc_encoder/ins_ttc/ins_ttcvi/b_ch_addr_s_reg[13]/CLR, ins_ttc_encoder/ins_ttc/ins_ttcvi/b_ch_addr_s_reg[14]/CLR, ins_ttc_encoder/ins_ttc/ins_ttcvi/b_ch_addr_s_reg[15]/CLR, ins_ttc_encoder/ins_ttc/ins_ttcvi/b_ch_addr_s_reg[16]/CLR, ins_ttc_encoder/ins_ttc/ins_ttcvi/b_ch_addr_s_reg[17]/CLR (the first 15 of 68 listed). The LUT may glitch and trigger an unexpected reset, even if it is a properly timed path.
Related violations: <none>

TIMING-17#1 Warning
Non-clocked sequential cell  
The clock pin ins_ttc_encoder/ins_ttc/ins_ttcvi/FSM_sequential_state_reg[0]/C is not reached by a timing clock
Related violations: <none>

TIMING-17#2 Warning
Non-clocked sequential cell  
The clock pin ins_ttc_encoder/ins_ttc/ins_ttcvi/FSM_sequential_state_reg[1]/C is not reached by a timing clock
Related violations: <none>

TIMING-17#3 Warning
Non-clocked sequential cell  
The clock pin ins_ttc_encoder/ins_ttc/ins_ttcvi/FSM_sequential_state_reg[2]/C is not reached by a timing clock
Related violations: <none>

TIMING-17#4 Warning
Non-clocked sequential cell  
The clock pin ins_ttc_encoder/ins_ttc/ins_ttcvi/a_ch_out_reg/C is not reached by a timing clock
Related violations: <none>

TIMING-17#5 Warning
Non-clocked sequential cell  
The clock pin ins_ttc_encoder/ins_ttc/ins_ttcvi/a_ch_strobe_s_reg/C is not reached by a timing clock
Related violations: <none>

TIMING-17#6 Warning
Non-clocked sequential cell  
The clock pin ins_ttc_encoder/ins_ttc/ins_ttcvi/b_ch_addr_s_reg[0]/C is not reached by a timing clock
Related violations: <none>

TIMING-17#7 Warning
Non-clocked sequential cell  
The clock pin ins_ttc_encoder/ins_ttc/ins_ttcvi/b_ch_addr_s_reg[10]/C is not reached by a timing clock
Related violations: <none>

TIMING-17#8 Warning
Non-clocked sequential cell  
The clock pin ins_ttc_encoder/ins_ttc/ins_ttcvi/b_ch_addr_s_reg[11]/C is not reached by a timing clock
Related violations: <none>

TIMING-17#9 Warning
Non-clocked sequential cell  
The clock pin ins_ttc_encoder/ins_ttc/ins_ttcvi/b_ch_addr_s_reg[12]/C is not reached by a timing clock
Related violations: <none>

TIMING-17#10 Warning
Non-clocked sequential cell  
The clock pin ins_ttc_encoder/ins_ttc/ins_ttcvi/b_ch_addr_s_reg[13]/C is not reached by a timing clock
Related violations: <none>

TIMING-17#11 Warning
Non-clocked sequential cell  
The clock pin ins_ttc_encoder/ins_ttc/ins_ttcvi/b_ch_addr_s_reg[14]/C is not reached by a timing clock
Related violations: <none>

TIMING-17#12 Warning
Non-clocked sequential cell  
The clock pin ins_ttc_encoder/ins_ttc/ins_ttcvi/b_ch_addr_s_reg[15]/C is not reached by a timing clock
Related violations: <none>

TIMING-17#13 Warning
Non-clocked sequential cell  
The clock pin ins_ttc_encoder/ins_ttc/ins_ttcvi/b_ch_addr_s_reg[16]/C is not reached by a timing clock
Related violations: <none>

TIMING-17#14 Warning
Non-clocked sequential cell  
The clock pin ins_ttc_encoder/ins_ttc/ins_ttcvi/b_ch_addr_s_reg[17]/C is not reached by a timing clock
Related violations: <none>

TIMING-17#15 Warning
Non-clocked sequential cell  
The clock pin ins_ttc_encoder/ins_ttc/ins_ttcvi/b_ch_addr_s_reg[18]/C is not reached by a timing clock
Related violations: <none>

TIMING-17#16 Warning
Non-clocked sequential cell  
The clock pin ins_ttc_encoder/ins_ttc/ins_ttcvi/b_ch_addr_s_reg[19]/C is not reached by a timing clock
Related violations: <none>

TIMING-17#17 Warning
Non-clocked sequential cell  
The clock pin ins_ttc_encoder/ins_ttc/ins_ttcvi/b_ch_addr_s_reg[1]/C is not reached by a timing clock
Related violations: <none>

TIMING-17#18 Warning
Non-clocked sequential cell  
The clock pin ins_ttc_encoder/ins_ttc/ins_ttcvi/b_ch_addr_s_reg[20]/C is not reached by a timing clock
Related violations: <none>

TIMING-17#19 Warning
Non-clocked sequential cell  
The clock pin ins_ttc_encoder/ins_ttc/ins_ttcvi/b_ch_addr_s_reg[21]/C is not reached by a timing clock
Related violations: <none>

TIMING-17#20 Warning
Non-clocked sequential cell  
The clock pin ins_ttc_encoder/ins_ttc/ins_ttcvi/b_ch_addr_s_reg[22]/C is not reached by a timing clock
Related violations: <none>

TIMING-17#21 Warning
Non-clocked sequential cell  
The clock pin ins_ttc_encoder/ins_ttc/ins_ttcvi/b_ch_addr_s_reg[23]/C is not reached by a timing clock
Related violations: <none>

TIMING-17#22 Warning
Non-clocked sequential cell  
The clock pin ins_ttc_encoder/ins_ttc/ins_ttcvi/b_ch_addr_s_reg[24]/C is not reached by a timing clock
Related violations: <none>

TIMING-17#23 Warning
Non-clocked sequential cell  
The clock pin ins_ttc_encoder/ins_ttc/ins_ttcvi/b_ch_addr_s_reg[25]/C is not reached by a timing clock
Related violations: <none>

TIMING-17#24 Warning
Non-clocked sequential cell  
The clock pin ins_ttc_encoder/ins_ttc/ins_ttcvi/b_ch_addr_s_reg[26]/C is not reached by a timing clock
Related violations: <none>

TIMING-17#25 Warning
Non-clocked sequential cell  
The clock pin ins_ttc_encoder/ins_ttc/ins_ttcvi/b_ch_addr_s_reg[27]/C is not reached by a timing clock
Related violations: <none>

TIMING-17#26 Warning
Non-clocked sequential cell  
The clock pin ins_ttc_encoder/ins_ttc/ins_ttcvi/b_ch_addr_s_reg[28]/C is not reached by a timing clock
Related violations: <none>

TIMING-17#27 Warning
Non-clocked sequential cell  
The clock pin ins_ttc_encoder/ins_ttc/ins_ttcvi/b_ch_addr_s_reg[29]/C is not reached by a timing clock
Related violations: <none>

TIMING-17#28 Warning
Non-clocked sequential cell  
The clock pin ins_ttc_encoder/ins_ttc/ins_ttcvi/b_ch_addr_s_reg[2]/C is not reached by a timing clock
Related violations: <none>

TIMING-17#29 Warning
Non-clocked sequential cell  
The clock pin ins_ttc_encoder/ins_ttc/ins_ttcvi/b_ch_addr_s_reg[30]/C is not reached by a timing clock
Related violations: <none>

TIMING-17#30 Warning
Non-clocked sequential cell  
The clock pin ins_ttc_encoder/ins_ttc/ins_ttcvi/b_ch_addr_s_reg[3]/C is not reached by a timing clock
Related violations: <none>

TIMING-17#31 Warning
Non-clocked sequential cell  
The clock pin ins_ttc_encoder/ins_ttc/ins_ttcvi/b_ch_addr_s_reg[4]/C is not reached by a timing clock
Related violations: <none>

TIMING-17#32 Warning
Non-clocked sequential cell  
The clock pin ins_ttc_encoder/ins_ttc/ins_ttcvi/b_ch_addr_s_reg[5]/C is not reached by a timing clock
Related violations: <none>

TIMING-17#33 Warning
Non-clocked sequential cell  
The clock pin ins_ttc_encoder/ins_ttc/ins_ttcvi/b_ch_addr_s_reg[6]/C is not reached by a timing clock
Related violations: <none>

TIMING-17#34 Warning
Non-clocked sequential cell  
The clock pin ins_ttc_encoder/ins_ttc/ins_ttcvi/b_ch_addr_s_reg[7]/C is not reached by a timing clock
Related violations: <none>

TIMING-17#35 Warning
Non-clocked sequential cell  
The clock pin ins_ttc_encoder/ins_ttc/ins_ttcvi/b_ch_addr_s_reg[8]/C is not reached by a timing clock
Related violations: <none>

TIMING-17#36 Warning
Non-clocked sequential cell  
The clock pin ins_ttc_encoder/ins_ttc/ins_ttcvi/b_ch_addr_s_reg[9]/C is not reached by a timing clock
Related violations: <none>

TIMING-17#37 Warning
Non-clocked sequential cell  
The clock pin ins_ttc_encoder/ins_ttc/ins_ttcvi/b_ch_addr_valid_s_reg/C is not reached by a timing clock
Related violations: <none>

TIMING-17#38 Warning
Non-clocked sequential cell  
The clock pin ins_ttc_encoder/ins_ttc/ins_ttcvi/b_ch_brc_s_reg[0]/C is not reached by a timing clock
Related violations: <none>

TIMING-17#39 Warning
Non-clocked sequential cell  
The clock pin ins_ttc_encoder/ins_ttc/ins_ttcvi/b_ch_brc_s_reg[1]/C is not reached by a timing clock
Related violations: <none>

TIMING-17#40 Warning
Non-clocked sequential cell  
The clock pin ins_ttc_encoder/ins_ttc/ins_ttcvi/b_ch_brc_s_reg[2]/C is not reached by a timing clock
Related violations: <none>

TIMING-17#41 Warning
Non-clocked sequential cell  
The clock pin ins_ttc_encoder/ins_ttc/ins_ttcvi/b_ch_brc_s_reg[3]/C is not reached by a timing clock
Related violations: <none>

TIMING-17#42 Warning
Non-clocked sequential cell  
The clock pin ins_ttc_encoder/ins_ttc/ins_ttcvi/b_ch_brc_s_reg[4]/C is not reached by a timing clock
Related violations: <none>

TIMING-17#43 Warning
Non-clocked sequential cell  
The clock pin ins_ttc_encoder/ins_ttc/ins_ttcvi/b_ch_brc_s_reg[5]/C is not reached by a timing clock
Related violations: <none>

TIMING-17#44 Warning
Non-clocked sequential cell  
The clock pin ins_ttc_encoder/ins_ttc/ins_ttcvi/b_ch_brc_s_reg[6]/C is not reached by a timing clock
Related violations: <none>

TIMING-17#45 Warning
Non-clocked sequential cell  
The clock pin ins_ttc_encoder/ins_ttc/ins_ttcvi/b_ch_brc_s_reg[7]/C is not reached by a timing clock
Related violations: <none>

TIMING-17#46 Warning
Non-clocked sequential cell  
The clock pin ins_ttc_encoder/ins_ttc/ins_ttcvi/b_ch_brc_valid_s_reg/C is not reached by a timing clock
Related violations: <none>

TIMING-17#47 Warning
Non-clocked sequential cell  
The clock pin ins_ttc_encoder/ins_ttc/ins_ttcvi/counter_b_ch_reg[0]/C is not reached by a timing clock
Related violations: <none>

TIMING-17#48 Warning
Non-clocked sequential cell  
The clock pin ins_ttc_encoder/ins_ttc/ins_ttcvi/counter_b_ch_reg[1]/C is not reached by a timing clock
Related violations: <none>

TIMING-17#49 Warning
Non-clocked sequential cell  
The clock pin ins_ttc_encoder/ins_ttc/ins_ttcvi/counter_b_ch_reg[2]/C is not reached by a timing clock
Related violations: <none>

TIMING-17#50 Warning
Non-clocked sequential cell  
The clock pin ins_ttc_encoder/ins_ttc/ins_ttcvi/counter_b_ch_reg[3]/C is not reached by a timing clock
Related violations: <none>

TIMING-17#51 Warning
Non-clocked sequential cell  
The clock pin ins_ttc_encoder/ins_ttc/ins_ttcvi/counter_b_ch_reg[4]/C is not reached by a timing clock
Related violations: <none>

TIMING-17#52 Warning
Non-clocked sequential cell  
The clock pin ins_ttc_encoder/ins_ttc/ins_ttcvi/counter_b_ch_reg[5]/C is not reached by a timing clock
Related violations: <none>

TIMING-17#53 Warning
Non-clocked sequential cell  
The clock pin ins_ttc_encoder/ins_ttc/ins_ttcvi/ins_chb_data/FSM_sequential_state_reg[0]/C is not reached by a timing clock
Related violations: <none>

TIMING-17#54 Warning
Non-clocked sequential cell  
The clock pin ins_ttc_encoder/ins_ttc/ins_ttcvi/ins_chb_data/FSM_sequential_state_reg[1]/C is not reached by a timing clock
Related violations: <none>

TIMING-17#55 Warning
Non-clocked sequential cell  
The clock pin ins_ttc_encoder/ins_ttc/ins_ttcvi/ins_chb_data/b_ch_out_reg/C is not reached by a timing clock
Related violations: <none>

TIMING-17#56 Warning
Non-clocked sequential cell  
The clock pin ins_ttc_encoder/ins_ttc/ins_ttcvi/ins_chb_data/b_ch_strobe_out_reg/C is not reached by a timing clock
Related violations: <none>

TIMING-17#57 Warning
Non-clocked sequential cell  
The clock pin ins_ttc_encoder/ins_ttc/ins_ttcvi/ins_chb_data/counter_addr_reg[0]/C is not reached by a timing clock
Related violations: <none>

TIMING-17#58 Warning
Non-clocked sequential cell  
The clock pin ins_ttc_encoder/ins_ttc/ins_ttcvi/ins_chb_data/counter_addr_reg[1]/C is not reached by a timing clock
Related violations: <none>

TIMING-17#59 Warning
Non-clocked sequential cell  
The clock pin ins_ttc_encoder/ins_ttc/ins_ttcvi/ins_chb_data/counter_addr_reg[2]/C is not reached by a timing clock
Related violations: <none>

TIMING-17#60 Warning
Non-clocked sequential cell  
The clock pin ins_ttc_encoder/ins_ttc/ins_ttcvi/ins_chb_data/counter_addr_reg[3]/C is not reached by a timing clock
Related violations: <none>

TIMING-17#61 Warning
Non-clocked sequential cell  
The clock pin ins_ttc_encoder/ins_ttc/ins_ttcvi/ins_chb_data/counter_addr_reg[4]/C is not reached by a timing clock
Related violations: <none>

TIMING-17#62 Warning
Non-clocked sequential cell  
The clock pin ins_ttc_encoder/ins_ttc/ins_ttcvi/ins_chb_data/counter_addr_reg[5]/C is not reached by a timing clock
Related violations: <none>

TIMING-17#63 Warning
Non-clocked sequential cell  
The clock pin ins_ttc_encoder/ins_ttc/ins_ttcvi/ins_chb_data/counter_brc_reg[0]/C is not reached by a timing clock
Related violations: <none>

TIMING-17#64 Warning
Non-clocked sequential cell  
The clock pin ins_ttc_encoder/ins_ttc/ins_ttcvi/ins_chb_data/counter_brc_reg[1]/C is not reached by a timing clock
Related violations: <none>

TIMING-17#65 Warning
Non-clocked sequential cell  
The clock pin ins_ttc_encoder/ins_ttc/ins_ttcvi/ins_chb_data/counter_brc_reg[2]/C is not reached by a timing clock
Related violations: <none>

TIMING-17#66 Warning
Non-clocked sequential cell  
The clock pin ins_ttc_encoder/ins_ttc/ins_ttcvi/ins_chb_data/counter_brc_reg[3]/C is not reached by a timing clock
Related violations: <none>

TIMING-17#67 Warning
Non-clocked sequential cell  
The clock pin ins_ttc_encoder/ins_ttc/ins_ttcvi/ready_rd_b_ch_s_reg/C is not reached by a timing clock
Related violations: <none>

TIMING-17#68 Warning
Non-clocked sequential cell  
The clock pin ins_ttc_encoder/ins_ttc/ins_ttcvx/ins_dff/d_internal_reg/C is not reached by a timing clock
Related violations: <none>

TIMING-17#69 Warning
Non-clocked sequential cell  
The clock pin ins_ttc_encoder/ins_ttc/ins_ttcvx/ins_jk/jk_internal_reg/C is not reached by a timing clock
Related violations: <none>

TIMING-17#70 Warning
Non-clocked sequential cell  
The clock pin ins_ttc_encoder/ins_ttc/ready_s_reg/C is not reached by a timing clock
Related violations: <none>

TIMING-17#71 Warning
Non-clocked sequential cell  
The clock pin ins_ttc_encoder/ins_ttc/timer_reg[0]/C is not reached by a timing clock
Related violations: <none>

TIMING-17#72 Warning
Non-clocked sequential cell  
The clock pin ins_ttc_encoder/ins_ttc/timer_reg[10]/C is not reached by a timing clock
Related violations: <none>

TIMING-17#73 Warning
Non-clocked sequential cell  
The clock pin ins_ttc_encoder/ins_ttc/timer_reg[11]/C is not reached by a timing clock
Related violations: <none>

TIMING-17#74 Warning
Non-clocked sequential cell  
The clock pin ins_ttc_encoder/ins_ttc/timer_reg[12]/C is not reached by a timing clock
Related violations: <none>

TIMING-17#75 Warning
Non-clocked sequential cell  
The clock pin ins_ttc_encoder/ins_ttc/timer_reg[13]/C is not reached by a timing clock
Related violations: <none>

TIMING-17#76 Warning
Non-clocked sequential cell  
The clock pin ins_ttc_encoder/ins_ttc/timer_reg[14]/C is not reached by a timing clock
Related violations: <none>

TIMING-17#77 Warning
Non-clocked sequential cell  
The clock pin ins_ttc_encoder/ins_ttc/timer_reg[15]/C is not reached by a timing clock
Related violations: <none>

TIMING-17#78 Warning
Non-clocked sequential cell  
The clock pin ins_ttc_encoder/ins_ttc/timer_reg[16]/C is not reached by a timing clock
Related violations: <none>

TIMING-17#79 Warning
Non-clocked sequential cell  
The clock pin ins_ttc_encoder/ins_ttc/timer_reg[17]/C is not reached by a timing clock
Related violations: <none>

TIMING-17#80 Warning
Non-clocked sequential cell  
The clock pin ins_ttc_encoder/ins_ttc/timer_reg[18]/C is not reached by a timing clock
Related violations: <none>

TIMING-17#81 Warning
Non-clocked sequential cell  
The clock pin ins_ttc_encoder/ins_ttc/timer_reg[19]/C is not reached by a timing clock
Related violations: <none>

TIMING-17#82 Warning
Non-clocked sequential cell  
The clock pin ins_ttc_encoder/ins_ttc/timer_reg[1]/C is not reached by a timing clock
Related violations: <none>

TIMING-17#83 Warning
Non-clocked sequential cell  
The clock pin ins_ttc_encoder/ins_ttc/timer_reg[20]/C is not reached by a timing clock
Related violations: <none>

TIMING-17#84 Warning
Non-clocked sequential cell  
The clock pin ins_ttc_encoder/ins_ttc/timer_reg[21]/C is not reached by a timing clock
Related violations: <none>

TIMING-17#85 Warning
Non-clocked sequential cell  
The clock pin ins_ttc_encoder/ins_ttc/timer_reg[22]/C is not reached by a timing clock
Related violations: <none>

TIMING-17#86 Warning
Non-clocked sequential cell  
The clock pin ins_ttc_encoder/ins_ttc/timer_reg[23]/C is not reached by a timing clock
Related violations: <none>

TIMING-17#87 Warning
Non-clocked sequential cell  
The clock pin ins_ttc_encoder/ins_ttc/timer_reg[24]/C is not reached by a timing clock
Related violations: <none>

TIMING-17#88 Warning
Non-clocked sequential cell  
The clock pin ins_ttc_encoder/ins_ttc/timer_reg[25]/C is not reached by a timing clock
Related violations: <none>

TIMING-17#89 Warning
Non-clocked sequential cell  
The clock pin ins_ttc_encoder/ins_ttc/timer_reg[26]/C is not reached by a timing clock
Related violations: <none>

TIMING-17#90 Warning
Non-clocked sequential cell  
The clock pin ins_ttc_encoder/ins_ttc/timer_reg[27]/C is not reached by a timing clock
Related violations: <none>

TIMING-17#91 Warning
Non-clocked sequential cell  
The clock pin ins_ttc_encoder/ins_ttc/timer_reg[28]/C is not reached by a timing clock
Related violations: <none>

TIMING-17#92 Warning
Non-clocked sequential cell  
The clock pin ins_ttc_encoder/ins_ttc/timer_reg[29]/C is not reached by a timing clock
Related violations: <none>

TIMING-17#93 Warning
Non-clocked sequential cell  
The clock pin ins_ttc_encoder/ins_ttc/timer_reg[2]/C is not reached by a timing clock
Related violations: <none>

TIMING-17#94 Warning
Non-clocked sequential cell  
The clock pin ins_ttc_encoder/ins_ttc/timer_reg[30]/C is not reached by a timing clock
Related violations: <none>

TIMING-17#95 Warning
Non-clocked sequential cell  
The clock pin ins_ttc_encoder/ins_ttc/timer_reg[31]/C is not reached by a timing clock
Related violations: <none>

TIMING-17#96 Warning
Non-clocked sequential cell  
The clock pin ins_ttc_encoder/ins_ttc/timer_reg[3]/C is not reached by a timing clock
Related violations: <none>

TIMING-17#97 Warning
Non-clocked sequential cell  
The clock pin ins_ttc_encoder/ins_ttc/timer_reg[4]/C is not reached by a timing clock
Related violations: <none>

TIMING-17#98 Warning
Non-clocked sequential cell  
The clock pin ins_ttc_encoder/ins_ttc/timer_reg[5]/C is not reached by a timing clock
Related violations: <none>

TIMING-17#99 Warning
Non-clocked sequential cell  
The clock pin ins_ttc_encoder/ins_ttc/timer_reg[6]/C is not reached by a timing clock
Related violations: <none>

TIMING-17#100 Warning
Non-clocked sequential cell  
The clock pin ins_ttc_encoder/ins_ttc/timer_reg[7]/C is not reached by a timing clock
Related violations: <none>

TIMING-17#101 Warning
Non-clocked sequential cell  
The clock pin ins_ttc_encoder/ins_ttc/timer_reg[8]/C is not reached by a timing clock
Related violations: <none>

TIMING-17#102 Warning
Non-clocked sequential cell  
The clock pin ins_ttc_encoder/ins_ttc/timer_reg[9]/C is not reached by a timing clock
Related violations: <none>

TIMING-17#103 Warning
Non-clocked sequential cell  
The clock pin ins_ttc_encoder/ins_ttc_data_generation/a_ch_counter_reg[0]/C is not reached by a timing clock
Related violations: <none>

TIMING-17#104 Warning
Non-clocked sequential cell  
The clock pin ins_ttc_encoder/ins_ttc_data_generation/a_ch_counter_reg[1]/C is not reached by a timing clock
Related violations: <none>

TIMING-17#105 Warning
Non-clocked sequential cell  
The clock pin ins_ttc_encoder/ins_ttc_data_generation/a_ch_counter_reg[2]/C is not reached by a timing clock
Related violations: <none>

TIMING-17#106 Warning
Non-clocked sequential cell  
The clock pin ins_ttc_encoder/ins_ttc_data_generation/a_ch_counter_reg[3]/C is not reached by a timing clock
Related violations: <none>

TIMING-17#107 Warning
Non-clocked sequential cell  
The clock pin ins_ttc_encoder/ins_ttc_data_generation/a_ch_counter_reg[4]/C is not reached by a timing clock
Related violations: <none>

TIMING-17#108 Warning
Non-clocked sequential cell  
The clock pin ins_ttc_encoder/ins_ttc_data_generation/a_ch_counter_reg[5]/C is not reached by a timing clock
Related violations: <none>

TIMING-17#109 Warning
Non-clocked sequential cell  
The clock pin ins_ttc_encoder/ins_ttc_data_generation/a_ch_data_s_reg/C is not reached by a timing clock
Related violations: <none>

TIMING-17#110 Warning
Non-clocked sequential cell  
The clock pin ins_ttc_encoder/ins_ttc_data_generation/b_ch_brc_counter_data_reg[0]/C is not reached by a timing clock
Related violations: <none>

TIMING-17#111 Warning
Non-clocked sequential cell  
The clock pin ins_ttc_encoder/ins_ttc_data_generation/b_ch_brc_counter_data_reg[1]/C is not reached by a timing clock
Related violations: <none>

TIMING-17#112 Warning
Non-clocked sequential cell  
The clock pin ins_ttc_encoder/ins_ttc_data_generation/b_ch_brc_counter_data_reg[2]/C is not reached by a timing clock
Related violations: <none>

TIMING-17#113 Warning
Non-clocked sequential cell  
The clock pin ins_ttc_encoder/ins_ttc_data_generation/b_ch_brc_counter_data_reg[3]/C is not reached by a timing clock
Related violations: <none>

TIMING-17#114 Warning
Non-clocked sequential cell  
The clock pin ins_ttc_encoder/ins_ttc_data_generation/b_ch_brc_counter_data_reg[4]/C is not reached by a timing clock
Related violations: <none>

TIMING-17#115 Warning
Non-clocked sequential cell  
The clock pin ins_ttc_encoder/ins_ttc_data_generation/b_ch_brc_counter_data_reg[5]/C is not reached by a timing clock
Related violations: <none>

TIMING-17#116 Warning
Non-clocked sequential cell  
The clock pin ins_ttc_encoder/ins_ttc_data_generation/b_ch_brc_counter_data_reg[6]/C is not reached by a timing clock
Related violations: <none>

TIMING-17#117 Warning
Non-clocked sequential cell  
The clock pin ins_ttc_encoder/ins_ttc_data_generation/b_ch_brc_counter_data_reg[7]/C is not reached by a timing clock
Related violations: <none>

TIMING-17#118 Warning
Non-clocked sequential cell  
The clock pin ins_ttc_encoder/ins_ttc_data_generation/brc_data_s_reg[0]/C is not reached by a timing clock
Related violations: <none>

TIMING-17#119 Warning
Non-clocked sequential cell  
The clock pin ins_ttc_encoder/ins_ttc_data_generation/brc_data_s_reg[1]/C is not reached by a timing clock
Related violations: <none>

TIMING-17#120 Warning
Non-clocked sequential cell  
The clock pin ins_ttc_encoder/ins_ttc_data_generation/brc_data_s_reg[2]/C is not reached by a timing clock
Related violations: <none>

TIMING-17#121 Warning
Non-clocked sequential cell  
The clock pin ins_ttc_encoder/ins_ttc_data_generation/brc_data_s_reg[3]/C is not reached by a timing clock
Related violations: <none>

TIMING-17#122 Warning
Non-clocked sequential cell  
The clock pin ins_ttc_encoder/ins_ttc_data_generation/brc_data_s_reg[4]/C is not reached by a timing clock
Related violations: <none>

TIMING-17#123 Warning
Non-clocked sequential cell  
The clock pin ins_ttc_encoder/ins_ttc_data_generation/brc_data_s_reg[5]/C is not reached by a timing clock
Related violations: <none>

TIMING-17#124 Warning
Non-clocked sequential cell  
The clock pin ins_ttc_encoder/ins_ttc_data_generation/brc_data_s_reg[6]/C is not reached by a timing clock
Related violations: <none>

TIMING-17#125 Warning
Non-clocked sequential cell  
The clock pin ins_ttc_encoder/ins_ttc_data_generation/brc_data_s_reg[7]/C is not reached by a timing clock
Related violations: <none>

TIMING-17#126 Warning
Non-clocked sequential cell  
The clock pin ins_ttc_encoder/ins_ttc_data_generation/valid_a_ch_data_s_reg/C is not reached by a timing clock
Related violations: <none>

TIMING-17#127 Warning
Non-clocked sequential cell  
The clock pin ins_ttc_encoder/ins_ttc_data_generation/valid_brc_data_s_reg/C is not reached by a timing clock
Related violations: <none>

TIMING-17#128 Warning
Non-clocked sequential cell  
The clock pin ins_ttcrx/ttc_dec/add_a14_reg[0]/C is not reached by a timing clock
Related violations: <none>

TIMING-17#129 Warning
Non-clocked sequential cell  
The clock pin ins_ttcrx/ttc_dec/add_a14_reg[10]/C is not reached by a timing clock
Related violations: <none>

TIMING-17#130 Warning
Non-clocked sequential cell  
The clock pin ins_ttcrx/ttc_dec/add_a14_reg[11]/C is not reached by a timing clock
Related violations: <none>

TIMING-17#131 Warning
Non-clocked sequential cell  
The clock pin ins_ttcrx/ttc_dec/add_a14_reg[12]/C is not reached by a timing clock
Related violations: <none>

TIMING-17#132 Warning
Non-clocked sequential cell  
The clock pin ins_ttcrx/ttc_dec/add_a14_reg[13]/C is not reached by a timing clock
Related violations: <none>

TIMING-17#133 Warning
Non-clocked sequential cell  
The clock pin ins_ttcrx/ttc_dec/add_a14_reg[1]/C is not reached by a timing clock
Related violations: <none>

TIMING-17#134 Warning
Non-clocked sequential cell  
The clock pin ins_ttcrx/ttc_dec/add_a14_reg[2]/C is not reached by a timing clock
Related violations: <none>

TIMING-17#135 Warning
Non-clocked sequential cell  
The clock pin ins_ttcrx/ttc_dec/add_a14_reg[3]/C is not reached by a timing clock
Related violations: <none>

TIMING-17#136 Warning
Non-clocked sequential cell  
The clock pin ins_ttcrx/ttc_dec/add_a14_reg[4]/C is not reached by a timing clock
Related violations: <none>

TIMING-17#137 Warning
Non-clocked sequential cell  
The clock pin ins_ttcrx/ttc_dec/add_a14_reg[5]/C is not reached by a timing clock
Related violations: <none>

TIMING-17#138 Warning
Non-clocked sequential cell  
The clock pin ins_ttcrx/ttc_dec/add_a14_reg[6]/C is not reached by a timing clock
Related violations: <none>

TIMING-17#139 Warning
Non-clocked sequential cell  
The clock pin ins_ttcrx/ttc_dec/add_a14_reg[7]/C is not reached by a timing clock
Related violations: <none>

TIMING-17#140 Warning
Non-clocked sequential cell  
The clock pin ins_ttcrx/ttc_dec/add_a14_reg[8]/C is not reached by a timing clock
Related violations: <none>

TIMING-17#141 Warning
Non-clocked sequential cell  
The clock pin ins_ttcrx/ttc_dec/add_a14_reg[9]/C is not reached by a timing clock
Related violations: <none>

TIMING-17#142 Warning
Non-clocked sequential cell  
The clock pin ins_ttcrx/ttc_dec/add_d8_reg[0]/C is not reached by a timing clock
Related violations: <none>

TIMING-17#143 Warning
Non-clocked sequential cell  
The clock pin ins_ttcrx/ttc_dec/add_d8_reg[1]/C is not reached by a timing clock
Related violations: <none>

TIMING-17#144 Warning
Non-clocked sequential cell  
The clock pin ins_ttcrx/ttc_dec/add_d8_reg[2]/C is not reached by a timing clock
Related violations: <none>

TIMING-17#145 Warning
Non-clocked sequential cell  
The clock pin ins_ttcrx/ttc_dec/add_d8_reg[3]/C is not reached by a timing clock
Related violations: <none>

TIMING-17#146 Warning
Non-clocked sequential cell  
The clock pin ins_ttcrx/ttc_dec/add_d8_reg[4]/C is not reached by a timing clock
Related violations: <none>

TIMING-17#147 Warning
Non-clocked sequential cell  
The clock pin ins_ttcrx/ttc_dec/add_d8_reg[5]/C is not reached by a timing clock
Related violations: <none>

TIMING-17#148 Warning
Non-clocked sequential cell  
The clock pin ins_ttcrx/ttc_dec/add_d8_reg[6]/C is not reached by a timing clock
Related violations: <none>

TIMING-17#149 Warning
Non-clocked sequential cell  
The clock pin ins_ttcrx/ttc_dec/add_d8_reg[7]/C is not reached by a timing clock
Related violations: <none>

TIMING-17#150 Warning
Non-clocked sequential cell  
The clock pin ins_ttcrx/ttc_dec/add_e_reg/C is not reached by a timing clock
Related violations: <none>

TIMING-17#151 Warning
Non-clocked sequential cell  
The clock pin ins_ttcrx/ttc_dec/add_s8_reg[0]/C is not reached by a timing clock
Related violations: <none>

TIMING-17#152 Warning
Non-clocked sequential cell  
The clock pin ins_ttcrx/ttc_dec/add_s8_reg[1]/C is not reached by a timing clock
Related violations: <none>

TIMING-17#153 Warning
Non-clocked sequential cell  
The clock pin ins_ttcrx/ttc_dec/add_s8_reg[2]/C is not reached by a timing clock
Related violations: <none>

TIMING-17#154 Warning
Non-clocked sequential cell  
The clock pin ins_ttcrx/ttc_dec/add_s8_reg[3]/C is not reached by a timing clock
Related violations: <none>

TIMING-17#155 Warning
Non-clocked sequential cell  
The clock pin ins_ttcrx/ttc_dec/add_s8_reg[4]/C is not reached by a timing clock
Related violations: <none>

TIMING-17#156 Warning
Non-clocked sequential cell  
The clock pin ins_ttcrx/ttc_dec/add_s8_reg[5]/C is not reached by a timing clock
Related violations: <none>

TIMING-17#157 Warning
Non-clocked sequential cell  
The clock pin ins_ttcrx/ttc_dec/add_s8_reg[6]/C is not reached by a timing clock
Related violations: <none>

TIMING-17#158 Warning
Non-clocked sequential cell  
The clock pin ins_ttcrx/ttc_dec/add_s8_reg[7]/C is not reached by a timing clock
Related violations: <none>

TIMING-17#159 Warning
Non-clocked sequential cell  
The clock pin ins_ttcrx/ttc_dec/add_strobe_reg/C is not reached by a timing clock
Related violations: <none>

TIMING-17#160 Warning
Non-clocked sequential cell  
The clock pin ins_ttcrx/ttc_dec/brc_b_reg/C is not reached by a timing clock
Related violations: <none>

TIMING-17#161 Warning
Non-clocked sequential cell  
The clock pin ins_ttcrx/ttc_dec/brc_d4_reg[0]/C is not reached by a timing clock
Related violations: <none>

TIMING-17#162 Warning
Non-clocked sequential cell  
The clock pin ins_ttcrx/ttc_dec/brc_d4_reg[1]/C is not reached by a timing clock
Related violations: <none>

TIMING-17#163 Warning
Non-clocked sequential cell  
The clock pin ins_ttcrx/ttc_dec/brc_d4_reg[2]/C is not reached by a timing clock
Related violations: <none>

TIMING-17#164 Warning
Non-clocked sequential cell  
The clock pin ins_ttcrx/ttc_dec/brc_d4_reg[3]/C is not reached by a timing clock
Related violations: <none>

TIMING-17#165 Warning
Non-clocked sequential cell  
The clock pin ins_ttcrx/ttc_dec/brc_e_reg/C is not reached by a timing clock
Related violations: <none>

TIMING-17#166 Warning
Non-clocked sequential cell  
The clock pin ins_ttcrx/ttc_dec/brc_strobe_reg/C is not reached by a timing clock
Related violations: <none>

TIMING-17#167 Warning
Non-clocked sequential cell  
The clock pin ins_ttcrx/ttc_dec/brc_t2_reg[0]/C is not reached by a timing clock
Related violations: <none>

TIMING-17#168 Warning
Non-clocked sequential cell  
The clock pin ins_ttcrx/ttc_dec/brc_t2_reg[1]/C is not reached by a timing clock
Related violations: <none>

TIMING-17#169 Warning
Non-clocked sequential cell  
The clock pin ins_ttcrx/ttc_dec/communication_error_reg/C is not reached by a timing clock
Related violations: <none>

TIMING-17#170 Warning
Non-clocked sequential cell  
The clock pin ins_ttcrx/ttc_dec/double_bit_error_reg/C is not reached by a timing clock
Related violations: <none>

TIMING-17#171 Warning
Non-clocked sequential cell  
The clock pin ins_ttcrx/ttc_dec/from_cdr_to_AandB/Bchannel_reg/C is not reached by a timing clock
Related violations: <none>

TIMING-17#172 Warning
Non-clocked sequential cell  
The clock pin ins_ttcrx/ttc_dec/from_cdr_to_AandB/a_channel_time_domain_reg/C is not reached by a timing clock
Related violations: <none>

TIMING-17#173 Warning
Non-clocked sequential cell  
The clock pin ins_ttcrx/ttc_dec/from_cdr_to_AandB/cdr_lock_reg/C is not reached by a timing clock
Related violations: <none>

TIMING-17#174 Warning
Non-clocked sequential cell  
The clock pin ins_ttcrx/ttc_dec/from_cdr_to_AandB/cdrdata_q_reg[0]/C is not reached by a timing clock
Related violations: <none>

TIMING-17#175 Warning
Non-clocked sequential cell  
The clock pin ins_ttcrx/ttc_dec/from_cdr_to_AandB/cdrdata_q_reg[1]/C is not reached by a timing clock
Related violations: <none>

TIMING-17#176 Warning
Non-clocked sequential cell  
The clock pin ins_ttcrx/ttc_dec/from_cdr_to_AandB/div8_reg[0]/C is not reached by a timing clock
Related violations: <none>

TIMING-17#177 Warning
Non-clocked sequential cell  
The clock pin ins_ttcrx/ttc_dec/from_cdr_to_AandB/div8_reg[1]/C is not reached by a timing clock
Related violations: <none>

TIMING-17#178 Warning
Non-clocked sequential cell  
The clock pin ins_ttcrx/ttc_dec/from_cdr_to_AandB/div8_reg[2]/C is not reached by a timing clock
Related violations: <none>

TIMING-17#179 Warning
Non-clocked sequential cell  
The clock pin ins_ttcrx/ttc_dec/from_cdr_to_AandB/div_nrst_reg/C is not reached by a timing clock
Related violations: <none>

TIMING-17#180 Warning
Non-clocked sequential cell  
The clock pin ins_ttcrx/ttc_dec/from_cdr_to_AandB/div_rst_cnt_reg[0]/C is not reached by a timing clock
Related violations: <none>

TIMING-17#181 Warning
Non-clocked sequential cell  
The clock pin ins_ttcrx/ttc_dec/from_cdr_to_AandB/div_rst_cnt_reg[1]/C is not reached by a timing clock
Related violations: <none>

TIMING-17#182 Warning
Non-clocked sequential cell  
The clock pin ins_ttcrx/ttc_dec/from_cdr_to_AandB/div_rst_cnt_reg[2]/C is not reached by a timing clock
Related violations: <none>

TIMING-17#183 Warning
Non-clocked sequential cell  
The clock pin ins_ttcrx/ttc_dec/from_cdr_to_AandB/div_rst_cnt_reg[3]/C is not reached by a timing clock
Related violations: <none>

TIMING-17#184 Warning
Non-clocked sequential cell  
The clock pin ins_ttcrx/ttc_dec/from_cdr_to_AandB/div_rst_cnt_reg[4]/C is not reached by a timing clock
Related violations: <none>

TIMING-17#185 Warning
Non-clocked sequential cell  
The clock pin ins_ttcrx/ttc_dec/from_cdr_to_AandB/l1a_reg/C is not reached by a timing clock
Related violations: <none>

TIMING-17#186 Warning
Non-clocked sequential cell  
The clock pin ins_ttcrx/ttc_dec/from_cdr_to_AandB/strng_length_reg[0]/C is not reached by a timing clock
Related violations: <none>

TIMING-17#187 Warning
Non-clocked sequential cell  
The clock pin ins_ttcrx/ttc_dec/from_cdr_to_AandB/strng_length_reg[1]/C is not reached by a timing clock
Related violations: <none>

TIMING-17#188 Warning
Non-clocked sequential cell  
The clock pin ins_ttcrx/ttc_dec/from_cdr_to_AandB/strng_length_reg[2]/C is not reached by a timing clock
Related violations: <none>

TIMING-17#189 Warning
Non-clocked sequential cell  
The clock pin ins_ttcrx/ttc_dec/from_cdr_to_AandB/strng_length_reg[3]/C is not reached by a timing clock
Related violations: <none>

TIMING-17#190 Warning
Non-clocked sequential cell  
The clock pin ins_ttcrx/ttc_dec/from_cdr_to_AandB/timer_reg[0]/C is not reached by a timing clock
Related violations: <none>

TIMING-17#191 Warning
Non-clocked sequential cell  
The clock pin ins_ttcrx/ttc_dec/from_cdr_to_AandB/timer_reg[10]/C is not reached by a timing clock
Related violations: <none>

TIMING-17#192 Warning
Non-clocked sequential cell  
The clock pin ins_ttcrx/ttc_dec/from_cdr_to_AandB/timer_reg[11]/C is not reached by a timing clock
Related violations: <none>

TIMING-17#193 Warning
Non-clocked sequential cell  
The clock pin ins_ttcrx/ttc_dec/from_cdr_to_AandB/timer_reg[12]/C is not reached by a timing clock
Related violations: <none>

TIMING-17#194 Warning
Non-clocked sequential cell  
The clock pin ins_ttcrx/ttc_dec/from_cdr_to_AandB/timer_reg[13]/C is not reached by a timing clock
Related violations: <none>

TIMING-17#195 Warning
Non-clocked sequential cell  
The clock pin ins_ttcrx/ttc_dec/from_cdr_to_AandB/timer_reg[14]/C is not reached by a timing clock
Related violations: <none>

TIMING-17#196 Warning
Non-clocked sequential cell  
The clock pin ins_ttcrx/ttc_dec/from_cdr_to_AandB/timer_reg[15]/C is not reached by a timing clock
Related violations: <none>

TIMING-17#197 Warning
Non-clocked sequential cell  
The clock pin ins_ttcrx/ttc_dec/from_cdr_to_AandB/timer_reg[16]/C is not reached by a timing clock
Related violations: <none>

TIMING-17#198 Warning
Non-clocked sequential cell  
The clock pin ins_ttcrx/ttc_dec/from_cdr_to_AandB/timer_reg[17]/C is not reached by a timing clock
Related violations: <none>

TIMING-17#199 Warning
Non-clocked sequential cell  
The clock pin ins_ttcrx/ttc_dec/from_cdr_to_AandB/timer_reg[18]/C is not reached by a timing clock
Related violations: <none>

TIMING-17#200 Warning
Non-clocked sequential cell  
The clock pin ins_ttcrx/ttc_dec/from_cdr_to_AandB/timer_reg[19]/C is not reached by a timing clock
Related violations: <none>

TIMING-17#201 Warning
Non-clocked sequential cell  
The clock pin ins_ttcrx/ttc_dec/from_cdr_to_AandB/timer_reg[1]/C is not reached by a timing clock
Related violations: <none>

TIMING-17#202 Warning
Non-clocked sequential cell  
The clock pin ins_ttcrx/ttc_dec/from_cdr_to_AandB/timer_reg[20]/C is not reached by a timing clock
Related violations: <none>

TIMING-17#203 Warning
Non-clocked sequential cell  
The clock pin ins_ttcrx/ttc_dec/from_cdr_to_AandB/timer_reg[21]/C is not reached by a timing clock
Related violations: <none>

TIMING-17#204 Warning
Non-clocked sequential cell  
The clock pin ins_ttcrx/ttc_dec/from_cdr_to_AandB/timer_reg[22]/C is not reached by a timing clock
Related violations: <none>

TIMING-17#205 Warning
Non-clocked sequential cell  
The clock pin ins_ttcrx/ttc_dec/from_cdr_to_AandB/timer_reg[23]/C is not reached by a timing clock
Related violations: <none>

TIMING-17#206 Warning
Non-clocked sequential cell  
The clock pin ins_ttcrx/ttc_dec/from_cdr_to_AandB/timer_reg[24]/C is not reached by a timing clock
Related violations: <none>

TIMING-17#207 Warning
Non-clocked sequential cell  
The clock pin ins_ttcrx/ttc_dec/from_cdr_to_AandB/timer_reg[25]/C is not reached by a timing clock
Related violations: <none>

TIMING-17#208 Warning
Non-clocked sequential cell  
The clock pin ins_ttcrx/ttc_dec/from_cdr_to_AandB/timer_reg[26]/C is not reached by a timing clock
Related violations: <none>

TIMING-17#209 Warning
Non-clocked sequential cell  
The clock pin ins_ttcrx/ttc_dec/from_cdr_to_AandB/timer_reg[27]/C is not reached by a timing clock
Related violations: <none>

TIMING-17#210 Warning
Non-clocked sequential cell  
The clock pin ins_ttcrx/ttc_dec/from_cdr_to_AandB/timer_reg[28]/C is not reached by a timing clock
Related violations: <none>

TIMING-17#211 Warning
Non-clocked sequential cell  
The clock pin ins_ttcrx/ttc_dec/from_cdr_to_AandB/timer_reg[29]/C is not reached by a timing clock
Related violations: <none>

TIMING-17#212 Warning
Non-clocked sequential cell  
The clock pin ins_ttcrx/ttc_dec/from_cdr_to_AandB/timer_reg[2]/C is not reached by a timing clock
Related violations: <none>

TIMING-17#213 Warning
Non-clocked sequential cell  
The clock pin ins_ttcrx/ttc_dec/from_cdr_to_AandB/timer_reg[30]/C is not reached by a timing clock
Related violations: <none>

TIMING-17#214 Warning
Non-clocked sequential cell  
The clock pin ins_ttcrx/ttc_dec/from_cdr_to_AandB/timer_reg[31]/C is not reached by a timing clock
Related violations: <none>

TIMING-17#215 Warning
Non-clocked sequential cell  
The clock pin ins_ttcrx/ttc_dec/from_cdr_to_AandB/timer_reg[3]/C is not reached by a timing clock
Related violations: <none>

TIMING-17#216 Warning
Non-clocked sequential cell  
The clock pin ins_ttcrx/ttc_dec/from_cdr_to_AandB/timer_reg[4]/C is not reached by a timing clock
Related violations: <none>

TIMING-17#217 Warning
Non-clocked sequential cell  
The clock pin ins_ttcrx/ttc_dec/from_cdr_to_AandB/timer_reg[5]/C is not reached by a timing clock
Related violations: <none>

TIMING-17#218 Warning
Non-clocked sequential cell  
The clock pin ins_ttcrx/ttc_dec/from_cdr_to_AandB/timer_reg[6]/C is not reached by a timing clock
Related violations: <none>

TIMING-17#219 Warning
Non-clocked sequential cell  
The clock pin ins_ttcrx/ttc_dec/from_cdr_to_AandB/timer_reg[7]/C is not reached by a timing clock
Related violations: <none>

TIMING-17#220 Warning
Non-clocked sequential cell  
The clock pin ins_ttcrx/ttc_dec/from_cdr_to_AandB/timer_reg[8]/C is not reached by a timing clock
Related violations: <none>

TIMING-17#221 Warning
Non-clocked sequential cell  
The clock pin ins_ttcrx/ttc_dec/from_cdr_to_AandB/timer_reg[9]/C is not reached by a timing clock
Related violations: <none>

TIMING-17#222 Warning
Non-clocked sequential cell  
The clock pin ins_ttcrx/ttc_dec/from_cdr_to_AandB/toggle_channel_reg/C is not reached by a timing clock
Related violations: <none>

TIMING-17#223 Warning
Non-clocked sequential cell  
The clock pin ins_ttcrx/ttc_dec/from_cdr_to_AandB/toggle_cnt_reg[0]/C is not reached by a timing clock
Related violations: <none>

TIMING-17#224 Warning
Non-clocked sequential cell  
The clock pin ins_ttcrx/ttc_dec/from_cdr_to_AandB/toggle_cnt_reg[1]/C is not reached by a timing clock
Related violations: <none>

TIMING-17#225 Warning
Non-clocked sequential cell  
The clock pin ins_ttcrx/ttc_dec/from_cdr_to_AandB/ttc_str_reg/C is not reached by a timing clock
Related violations: <none>

TIMING-17#226 Warning
Non-clocked sequential cell  
The clock pin ins_ttcrx/ttc_dec/from_cdr_to_AandB/ttcclk_reg/C is not reached by a timing clock
Related violations: <none>

TIMING-17#227 Warning
Non-clocked sequential cell  
The clock pin ins_ttcrx/ttc_dec/l1a_reg/C is not reached by a timing clock
Related violations: <none>

TIMING-17#228 Warning
Non-clocked sequential cell  
The clock pin ins_ttcrx/ttc_dec/serialb_com0/FSM_sequential_hamming.next_state_reg[0]/C is not reached by a timing clock
Related violations: <none>

TIMING-17#229 Warning
Non-clocked sequential cell  
The clock pin ins_ttcrx/ttc_dec/serialb_com0/FSM_sequential_hamming.next_state_reg[1]/C is not reached by a timing clock
Related violations: <none>

TIMING-17#230 Warning
Non-clocked sequential cell  
The clock pin ins_ttcrx/ttc_dec/serialb_com0/FSM_sequential_hamming.next_state_reg[2]/C is not reached by a timing clock
Related violations: <none>

TIMING-17#231 Warning
Non-clocked sequential cell  
The clock pin ins_ttcrx/ttc_dec/serialb_com0/hamming.brc_rdy_reg/C is not reached by a timing clock
Related violations: <none>

TIMING-17#232 Warning
Non-clocked sequential cell  
The clock pin ins_ttcrx/ttc_dec/serialb_com0/hamming.communication_error_reg/C is not reached by a timing clock
Related violations: <none>

TIMING-17#233 Warning
Non-clocked sequential cell  
The clock pin ins_ttcrx/ttc_dec/serialb_com0/hamming.data_out_reg[10]/C is not reached by a timing clock
Related violations: <none>

TIMING-17#234 Warning
Non-clocked sequential cell  
The clock pin ins_ttcrx/ttc_dec/serialb_com0/hamming.data_out_reg[11]/C is not reached by a timing clock
Related violations: <none>

TIMING-17#235 Warning
Non-clocked sequential cell  
The clock pin ins_ttcrx/ttc_dec/serialb_com0/hamming.data_out_reg[12]/C is not reached by a timing clock
Related violations: <none>

TIMING-17#236 Warning
Non-clocked sequential cell  
The clock pin ins_ttcrx/ttc_dec/serialb_com0/hamming.data_out_reg[13]/C is not reached by a timing clock
Related violations: <none>

TIMING-17#237 Warning
Non-clocked sequential cell  
The clock pin ins_ttcrx/ttc_dec/serialb_com0/hamming.data_out_reg[14]/C is not reached by a timing clock
Related violations: <none>

TIMING-17#238 Warning
Non-clocked sequential cell  
The clock pin ins_ttcrx/ttc_dec/serialb_com0/hamming.data_out_reg[15]/C is not reached by a timing clock
Related violations: <none>

TIMING-17#239 Warning
Non-clocked sequential cell  
The clock pin ins_ttcrx/ttc_dec/serialb_com0/hamming.data_out_reg[16]/C is not reached by a timing clock
Related violations: <none>

TIMING-17#240 Warning
Non-clocked sequential cell  
The clock pin ins_ttcrx/ttc_dec/serialb_com0/hamming.data_out_reg[17]/C is not reached by a timing clock
Related violations: <none>

TIMING-17#241 Warning
Non-clocked sequential cell  
The clock pin ins_ttcrx/ttc_dec/serialb_com0/hamming.data_out_reg[18]/C is not reached by a timing clock
Related violations: <none>

TIMING-17#242 Warning
Non-clocked sequential cell  
The clock pin ins_ttcrx/ttc_dec/serialb_com0/hamming.data_out_reg[19]/C is not reached by a timing clock
Related violations: <none>

TIMING-17#243 Warning
Non-clocked sequential cell  
The clock pin ins_ttcrx/ttc_dec/serialb_com0/hamming.data_out_reg[20]/C is not reached by a timing clock
Related violations: <none>

TIMING-17#244 Warning
Non-clocked sequential cell  
The clock pin ins_ttcrx/ttc_dec/serialb_com0/hamming.data_out_reg[21]/C is not reached by a timing clock
Related violations: <none>

TIMING-17#245 Warning
Non-clocked sequential cell  
The clock pin ins_ttcrx/ttc_dec/serialb_com0/hamming.data_out_reg[22]/C is not reached by a timing clock
Related violations: <none>

TIMING-17#246 Warning
Non-clocked sequential cell  
The clock pin ins_ttcrx/ttc_dec/serialb_com0/hamming.data_out_reg[23]/C is not reached by a timing clock
Related violations: <none>

TIMING-17#247 Warning
Non-clocked sequential cell  
The clock pin ins_ttcrx/ttc_dec/serialb_com0/hamming.data_out_reg[24]/C is not reached by a timing clock
Related violations: <none>

TIMING-17#248 Warning
Non-clocked sequential cell  
The clock pin ins_ttcrx/ttc_dec/serialb_com0/hamming.data_out_reg[25]/C is not reached by a timing clock
Related violations: <none>

TIMING-17#249 Warning
Non-clocked sequential cell  
The clock pin ins_ttcrx/ttc_dec/serialb_com0/hamming.data_out_reg[26]/C is not reached by a timing clock
Related violations: <none>

TIMING-17#250 Warning
Non-clocked sequential cell  
The clock pin ins_ttcrx/ttc_dec/serialb_com0/hamming.data_out_reg[27]/C is not reached by a timing clock
Related violations: <none>

TIMING-17#251 Warning
Non-clocked sequential cell  
The clock pin ins_ttcrx/ttc_dec/serialb_com0/hamming.data_out_reg[28]/C is not reached by a timing clock
Related violations: <none>

TIMING-17#252 Warning
Non-clocked sequential cell  
The clock pin ins_ttcrx/ttc_dec/serialb_com0/hamming.data_out_reg[29]/C is not reached by a timing clock
Related violations: <none>

TIMING-17#253 Warning
Non-clocked sequential cell  
The clock pin ins_ttcrx/ttc_dec/serialb_com0/hamming.data_out_reg[30]/C is not reached by a timing clock
Related violations: <none>

TIMING-17#254 Warning
Non-clocked sequential cell  
The clock pin ins_ttcrx/ttc_dec/serialb_com0/hamming.data_out_reg[31]/C is not reached by a timing clock
Related violations: <none>

TIMING-17#255 Warning
Non-clocked sequential cell  
The clock pin ins_ttcrx/ttc_dec/serialb_com0/hamming.data_out_reg[32]/C is not reached by a timing clock
Related violations: <none>

TIMING-17#256 Warning
Non-clocked sequential cell  
The clock pin ins_ttcrx/ttc_dec/serialb_com0/hamming.data_out_reg[33]/C is not reached by a timing clock
Related violations: <none>

TIMING-17#257 Warning
Non-clocked sequential cell  
The clock pin ins_ttcrx/ttc_dec/serialb_com0/hamming.data_out_reg[34]/C is not reached by a timing clock
Related violations: <none>

TIMING-17#258 Warning
Non-clocked sequential cell  
The clock pin ins_ttcrx/ttc_dec/serialb_com0/hamming.data_out_reg[35]/C is not reached by a timing clock
Related violations: <none>

TIMING-17#259 Warning
Non-clocked sequential cell  
The clock pin ins_ttcrx/ttc_dec/serialb_com0/hamming.data_out_reg[36]/C is not reached by a timing clock
Related violations: <none>

TIMING-17#260 Warning
Non-clocked sequential cell  
The clock pin ins_ttcrx/ttc_dec/serialb_com0/hamming.data_out_reg[37]/C is not reached by a timing clock
Related violations: <none>

TIMING-17#261 Warning
Non-clocked sequential cell  
The clock pin ins_ttcrx/ttc_dec/serialb_com0/hamming.data_out_reg[38]/C is not reached by a timing clock
Related violations: <none>

TIMING-17#262 Warning
Non-clocked sequential cell  
The clock pin ins_ttcrx/ttc_dec/serialb_com0/hamming.data_out_reg[5]/C is not reached by a timing clock
Related violations: <none>

TIMING-17#263 Warning
Non-clocked sequential cell  
The clock pin ins_ttcrx/ttc_dec/serialb_com0/hamming.data_out_reg[6]/C is not reached by a timing clock
Related violations: <none>

TIMING-17#264 Warning
Non-clocked sequential cell  
The clock pin ins_ttcrx/ttc_dec/serialb_com0/hamming.data_out_reg[7]/C is not reached by a timing clock
Related violations: <none>

TIMING-17#265 Warning
Non-clocked sequential cell  
The clock pin ins_ttcrx/ttc_dec/serialb_com0/hamming.data_out_reg[8]/C is not reached by a timing clock
Related violations: <none>

TIMING-17#266 Warning
Non-clocked sequential cell  
The clock pin ins_ttcrx/ttc_dec/serialb_com0/hamming.data_out_reg[9]/C is not reached by a timing clock
Related violations: <none>

TIMING-17#267 Warning
Non-clocked sequential cell  
The clock pin ins_ttcrx/ttc_dec/serialb_com0/hamming.data_ready_reg[0]/C is not reached by a timing clock
Related violations: <none>

TIMING-17#268 Warning
Non-clocked sequential cell  
The clock pin ins_ttcrx/ttc_dec/serialb_com0/hamming.data_ready_reg[1]/C is not reached by a timing clock
Related violations: <none>

TIMING-17#269 Warning
Non-clocked sequential cell  
The clock pin ins_ttcrx/ttc_dec/serialb_com0/hamming.double_bit_error_i_reg/C is not reached by a timing clock
Related violations: <none>

TIMING-17#270 Warning
Non-clocked sequential cell  
The clock pin ins_ttcrx/ttc_dec/serialb_com0/hamming.dta_rdy_reg/C is not reached by a timing clock
Related violations: <none>

TIMING-17#271 Warning
Non-clocked sequential cell  
The clock pin ins_ttcrx/ttc_dec/serialb_com0/hamming.received_word_reg[0]/C is not reached by a timing clock
Related violations: <none>

TIMING-17#272 Warning
Non-clocked sequential cell  
The clock pin ins_ttcrx/ttc_dec/serialb_com0/hamming.received_word_reg[10]/C is not reached by a timing clock
Related violations: <none>

TIMING-17#273 Warning
Non-clocked sequential cell  
The clock pin ins_ttcrx/ttc_dec/serialb_com0/hamming.received_word_reg[11]/C is not reached by a timing clock
Related violations: <none>

TIMING-17#274 Warning
Non-clocked sequential cell  
The clock pin ins_ttcrx/ttc_dec/serialb_com0/hamming.received_word_reg[12]/C is not reached by a timing clock
Related violations: <none>

TIMING-17#275 Warning
Non-clocked sequential cell  
The clock pin ins_ttcrx/ttc_dec/serialb_com0/hamming.received_word_reg[13]/C is not reached by a timing clock
Related violations: <none>

TIMING-17#276 Warning
Non-clocked sequential cell  
The clock pin ins_ttcrx/ttc_dec/serialb_com0/hamming.received_word_reg[14]/C is not reached by a timing clock
Related violations: <none>

TIMING-17#277 Warning
Non-clocked sequential cell  
The clock pin ins_ttcrx/ttc_dec/serialb_com0/hamming.received_word_reg[15]/C is not reached by a timing clock
Related violations: <none>

TIMING-17#278 Warning
Non-clocked sequential cell  
The clock pin ins_ttcrx/ttc_dec/serialb_com0/hamming.received_word_reg[16]/C is not reached by a timing clock
Related violations: <none>

TIMING-17#279 Warning
Non-clocked sequential cell  
The clock pin ins_ttcrx/ttc_dec/serialb_com0/hamming.received_word_reg[17]/C is not reached by a timing clock
Related violations: <none>

TIMING-17#280 Warning
Non-clocked sequential cell  
The clock pin ins_ttcrx/ttc_dec/serialb_com0/hamming.received_word_reg[18]/C is not reached by a timing clock
Related violations: <none>

TIMING-17#281 Warning
Non-clocked sequential cell  
The clock pin ins_ttcrx/ttc_dec/serialb_com0/hamming.received_word_reg[19]/C is not reached by a timing clock
Related violations: <none>

TIMING-17#282 Warning
Non-clocked sequential cell  
The clock pin ins_ttcrx/ttc_dec/serialb_com0/hamming.received_word_reg[1]/C is not reached by a timing clock
Related violations: <none>

TIMING-17#283 Warning
Non-clocked sequential cell  
The clock pin ins_ttcrx/ttc_dec/serialb_com0/hamming.received_word_reg[20]/C is not reached by a timing clock
Related violations: <none>

TIMING-17#284 Warning
Non-clocked sequential cell  
The clock pin ins_ttcrx/ttc_dec/serialb_com0/hamming.received_word_reg[21]/C is not reached by a timing clock
Related violations: <none>

TIMING-17#285 Warning
Non-clocked sequential cell  
The clock pin ins_ttcrx/ttc_dec/serialb_com0/hamming.received_word_reg[22]/C is not reached by a timing clock
Related violations: <none>

TIMING-17#286 Warning
Non-clocked sequential cell  
The clock pin ins_ttcrx/ttc_dec/serialb_com0/hamming.received_word_reg[23]/C is not reached by a timing clock
Related violations: <none>

TIMING-17#287 Warning
Non-clocked sequential cell  
The clock pin ins_ttcrx/ttc_dec/serialb_com0/hamming.received_word_reg[24]/C is not reached by a timing clock
Related violations: <none>

TIMING-17#288 Warning
Non-clocked sequential cell  
The clock pin ins_ttcrx/ttc_dec/serialb_com0/hamming.received_word_reg[25]/C is not reached by a timing clock
Related violations: <none>

TIMING-17#289 Warning
Non-clocked sequential cell  
The clock pin ins_ttcrx/ttc_dec/serialb_com0/hamming.received_word_reg[26]/C is not reached by a timing clock
Related violations: <none>

TIMING-17#290 Warning
Non-clocked sequential cell  
The clock pin ins_ttcrx/ttc_dec/serialb_com0/hamming.received_word_reg[27]/C is not reached by a timing clock
Related violations: <none>

TIMING-17#291 Warning
Non-clocked sequential cell  
The clock pin ins_ttcrx/ttc_dec/serialb_com0/hamming.received_word_reg[28]/C is not reached by a timing clock
Related violations: <none>

TIMING-17#292 Warning
Non-clocked sequential cell  
The clock pin ins_ttcrx/ttc_dec/serialb_com0/hamming.received_word_reg[29]/C is not reached by a timing clock
Related violations: <none>

TIMING-17#293 Warning
Non-clocked sequential cell  
The clock pin ins_ttcrx/ttc_dec/serialb_com0/hamming.received_word_reg[2]/C is not reached by a timing clock
Related violations: <none>

TIMING-17#294 Warning
Non-clocked sequential cell  
The clock pin ins_ttcrx/ttc_dec/serialb_com0/hamming.received_word_reg[30]/C is not reached by a timing clock
Related violations: <none>

TIMING-17#295 Warning
Non-clocked sequential cell  
The clock pin ins_ttcrx/ttc_dec/serialb_com0/hamming.received_word_reg[31]/C is not reached by a timing clock
Related violations: <none>

TIMING-17#296 Warning
Non-clocked sequential cell  
The clock pin ins_ttcrx/ttc_dec/serialb_com0/hamming.received_word_reg[32]/C is not reached by a timing clock
Related violations: <none>

TIMING-17#297 Warning
Non-clocked sequential cell  
The clock pin ins_ttcrx/ttc_dec/serialb_com0/hamming.received_word_reg[33]/C is not reached by a timing clock
Related violations: <none>

TIMING-17#298 Warning
Non-clocked sequential cell  
The clock pin ins_ttcrx/ttc_dec/serialb_com0/hamming.received_word_reg[34]/C is not reached by a timing clock
Related violations: <none>

TIMING-17#299 Warning
Non-clocked sequential cell  
The clock pin ins_ttcrx/ttc_dec/serialb_com0/hamming.received_word_reg[35]/C is not reached by a timing clock
Related violations: <none>

TIMING-17#300 Warning
Non-clocked sequential cell  
The clock pin ins_ttcrx/ttc_dec/serialb_com0/hamming.received_word_reg[36]/C is not reached by a timing clock
Related violations: <none>

TIMING-17#301 Warning
Non-clocked sequential cell  
The clock pin ins_ttcrx/ttc_dec/serialb_com0/hamming.received_word_reg[37]/C is not reached by a timing clock
Related violations: <none>

TIMING-17#302 Warning
Non-clocked sequential cell  
The clock pin ins_ttcrx/ttc_dec/serialb_com0/hamming.received_word_reg[38]/C is not reached by a timing clock
Related violations: <none>

TIMING-17#303 Warning
Non-clocked sequential cell  
The clock pin ins_ttcrx/ttc_dec/serialb_com0/hamming.received_word_reg[3]/C is not reached by a timing clock
Related violations: <none>

TIMING-17#304 Warning
Non-clocked sequential cell  
The clock pin ins_ttcrx/ttc_dec/serialb_com0/hamming.received_word_reg[4]/C is not reached by a timing clock
Related violations: <none>

TIMING-17#305 Warning
Non-clocked sequential cell  
The clock pin ins_ttcrx/ttc_dec/serialb_com0/hamming.received_word_reg[5]/C is not reached by a timing clock
Related violations: <none>

TIMING-17#306 Warning
Non-clocked sequential cell  
The clock pin ins_ttcrx/ttc_dec/serialb_com0/hamming.received_word_reg[6]/C is not reached by a timing clock
Related violations: <none>

TIMING-17#307 Warning
Non-clocked sequential cell  
The clock pin ins_ttcrx/ttc_dec/serialb_com0/hamming.received_word_reg[7]/C is not reached by a timing clock
Related violations: <none>

TIMING-17#308 Warning
Non-clocked sequential cell  
The clock pin ins_ttcrx/ttc_dec/serialb_com0/hamming.received_word_reg[8]/C is not reached by a timing clock
Related violations: <none>

TIMING-17#309 Warning
Non-clocked sequential cell  
The clock pin ins_ttcrx/ttc_dec/serialb_com0/hamming.received_word_reg[9]/C is not reached by a timing clock
Related violations: <none>

TIMING-17#310 Warning
Non-clocked sequential cell  
The clock pin ins_ttcrx/ttc_dec/serialb_com0/hamming.serBchanRR_reg/C is not reached by a timing clock
Related violations: <none>

TIMING-17#311 Warning
Non-clocked sequential cell  
The clock pin ins_ttcrx/ttc_dec/serialb_com0/hamming.serBchanR_reg/C is not reached by a timing clock
Related violations: <none>

TIMING-17#312 Warning
Non-clocked sequential cell  
The clock pin ins_ttcrx/ttc_dec/serialb_com0/hamming.single_bit_error_i_reg/C is not reached by a timing clock
Related violations: <none>

TIMING-17#313 Warning
Non-clocked sequential cell  
The clock pin ins_ttcrx/ttc_dec/single_bit_error_reg/C is not reached by a timing clock
Related violations: <none>


