#-----------------------------------------------------------
# Vivado v2018.1 (64-bit)
# SW Build 2188600 on Wed Apr  4 18:40:38 MDT 2018
# IP Build 2185939 on Wed Apr  4 20:55:05 MDT 2018
# Start of session at: Mon Nov  5 15:15:25 2018
# Process ID: 5056
# Current directory: D:/Projects/Vivado_Projects/2018_10_05_ttctx2ttcrx/2018_10_05_ttctx2ttcrx/vivado/encoder
# Command line: vivado.exe -gui_launcher_event rodinguilauncherevent7552 D:\Projects\Vivado_Projects\2018_10_05_ttctx2ttcrx\2018_10_05_ttctx2ttcrx\vivado\encoder\encoder.xpr
# Log file: D:/Projects/Vivado_Projects/2018_10_05_ttctx2ttcrx/2018_10_05_ttctx2ttcrx/vivado/encoder/vivado.log
# Journal file: D:/Projects/Vivado_Projects/2018_10_05_ttctx2ttcrx/2018_10_05_ttctx2ttcrx/vivado/encoder\vivado.jou
#-----------------------------------------------------------
start_gui
open_project D:/Projects/Vivado_Projects/2018_10_05_ttctx2ttcrx/2018_10_05_ttctx2ttcrx/vivado/encoder/encoder.xpr
INFO: [ProjectBase 1-489] The host OS only allows 260 characters in a normal path. The project is stored in a path with more than 80 characters. If you experience issues with IP, Block Designs, or files not being found, please consider moving the project to a location with a shorter path. Alternately consider using the OS subst command to map part of the path to a drive letter.
Current project path is 'D:/Projects/Vivado_Projects/2018_10_05_ttctx2ttcrx/2018_10_05_ttctx2ttcrx/vivado/encoder'
INFO: [Project 1-313] Project file moved from 'C:/Users/hanie/Documents/project/2018_10_03_ttctx2ttcrx/vivado/encoder' since last save.
Scanning sources...
Finished scanning sources
INFO: [IP_Flow 19-234] Refreshing IP repositories
INFO: [IP_Flow 19-1704] No user IP repositories specified
INFO: [IP_Flow 19-2313] Loaded Vivado IP repository 'C:/Xilinx/Vivado/2018.1/data/ip'.
update_compile_order -fileset sources_1
exit
INFO: [Common 17-206] Exiting Vivado at Mon Nov  5 17:08:21 2018...
